<?xml version="1.0" encoding="UTF-8"?>
<!-- Generated by org.testng.reporters.JUnitReportReporter -->
<testsuite hostname="DESKTOP-IUIGTE3" failures="0" tests="1" name="userRegistrationTests.RegisterUserAndVerifyUserAlreadyExists" time="13.846" errors="0" timestamp="2025-06-24T14:29:28 IST" skipped="0">
  <testcase classname="userRegistrationTests.RegisterUserAndVerifyUserAlreadyExists" name="VerifyUserALreadyExists" time="13.846"/>
  <system-out/>
</testsuite> <!-- userRegistrationTests.RegisterUserAndVerifyUserAlreadyExists -->
