<?xml version="1.0" encoding="UTF-8"?>
<!-- Generated by org.testng.reporters.JUnitReportReporter -->
<testsuite hostname="DESKTOP-IUIGTE3" failures="0" tests="1" name="clientLoginTest.ClientLoginTest" time="10.417" errors="0" timestamp="2025-06-19T18:24:38 IST" skipped="0">
  <testcase classname="clientLoginTest.ClientLoginTest" name="loginTest" time="10.417"/>
  <system-out/>
</testsuite> <!-- clientLoginTest.ClientLoginTest -->
