<?xml version="1.0" encoding="UTF-8"?>
<!-- Generated by org.testng.reporters.JUnitReportReporter -->
<testsuite hostname="DESKTOP-IUIGTE3" failures="0" tests="1" name="clientLoginTest.ClientLoginTest" time="8.558" errors="0" timestamp="2025-06-19T12:09:35 IST" skipped="0">
  <testcase classname="clientLoginTest.ClientLoginTest" name="loginTest" time="8.558"/>
  <system-out/>
</testsuite> <!-- clientLoginTest.ClientLoginTest -->
