<?xml version="1.0" encoding="UTF-8"?>
<!-- Generated by org.testng.reporters.JUnitReportReporter -->
<testsuite hostname="DESKTOP-IUIGTE3" failures="0" tests="1" name="userRegistrationTests.RegisterNewUserAndVerifyNewUserAbleLogin" time="19.248" errors="0" timestamp="2025-06-25T11:48:15 IST" skipped="0">
  <testcase classname="userRegistrationTests.RegisterNewUserAndVerifyNewUserAbleLogin" name="RegisterAndVerifyNewUser" time="19.248"/>
</testsuite> <!-- userRegistrationTests.RegisterNewUserAndVerifyNewUserAbleLogin -->
