<?xml version="1.0" encoding="UTF-8"?>
<!-- Generated by org.testng.reporters.JUnitReportReporter -->
<testsuite hostname="DESKTOP-IUIGTE3" failures="0" tests="1" name="userRegistrationTests.RegisterNewUserAndVerifyNewUserAbleLogin" time="14.536" errors="0" timestamp="2025-06-26T10:45:51 IST" skipped="0">
  <testcase classname="userRegistrationTests.RegisterNewUserAndVerifyNewUserAbleLogin" name="RegisterAndVerifyNewUser" time="14.536"/>
</testsuite> <!-- userRegistrationTests.RegisterNewUserAndVerifyNewUserAbleLogin -->
