<?xml version="1.0" encoding="UTF-8"?>
<!-- Generated by org.testng.reporters.JUnitReportReporter -->
<testsuite hostname="DESKTOP-IUIGTE3" failures="0" tests="1" name="clientLoginTest.ClientLoginTest" time="11.717" errors="0" timestamp="2025-06-26T11:14:22 IST" skipped="0">
  <testcase classname="clientLoginTest.ClientLoginTest" name="loginTest" time="11.717"/>
</testsuite> <!-- clientLoginTest.ClientLoginTest -->
