<?xml version="1.0" encoding="UTF-8"?>
<!-- Generated by org.testng.reporters.JUnitReportReporter -->
<testsuite hostname="DESKTOP-IUIGTE3" failures="0" tests="1" name="userRegistrationTests.RegisterNewUserAndVerifyUserByLoging" time="12.368" errors="0" timestamp="2025-06-20T12:32:19 IST" skipped="0">
  <testcase classname="userRegistrationTests.RegisterNewUserAndVerifyUserByLoging" name="VerifyUserALreadyExists" time="12.368"/>
  <system-out/>
</testsuite> <!-- userRegistrationTests.RegisterNewUserAndVerifyUserByLoging -->
