<?xml version="1.0" encoding="UTF-8"?>
<!-- Generated by org.testng.reporters.JUnitReportReporter -->
<testsuite hostname="DESKTOP-IUIGTE3" failures="0" tests="3" name="userRegistrationTests.RegisterNewUserAndVerifyUserByLoging" time="18.431" errors="0" timestamp="2025-06-20T10:30:52 IST" skipped="0">
  <testcase classname="userRegistrationTests.RegisterNewUserAndVerifyUserByLoging" name="registerAndVerifyNewUser" time="5.304"/>
  <system-out/>
  <testcase classname="userRegistrationTests.RegisterNewUserAndVerifyUserByLoging" name="registerAndVerifyNewUser" time="8.531"/>
  <system-out/>
  <testcase classname="userRegistrationTests.RegisterNewUserAndVerifyUserByLoging" name="registerAndVerifyNewUser" time="4.596"/>
  <system-out/>
</testsuite> <!-- userRegistrationTests.RegisterNewUserAndVerifyUserByLoging -->
